c:\users\johnp\source\repos\c867\project1\debug\vc142.pdb
c:\users\johnp\source\repos\c867\project1\debug\vc142.idb
c:\users\johnp\source\repos\c867\project1\debug\roster.nativecodeanalysis.sarif
c:\users\johnp\source\repos\c867\project1\debug\roster.nativecodeanalysis.xml
c:\users\johnp\source\repos\c867\project1\debug\student.nativecodeanalysis.sarif
c:\users\johnp\source\repos\c867\project1\debug\student.nativecodeanalysis.xml
c:\users\johnp\source\repos\c867\project1\debug\main.nativecodeanalysis.sarif
c:\users\johnp\source\repos\c867\project1\debug\main.nativecodeanalysis.xml
c:\users\johnp\source\repos\c867\project1\debug\main.obj
c:\users\johnp\source\repos\c867\project1\debug\student.obj
c:\users\johnp\source\repos\c867\project1\debug\roster.obj
c:\users\johnp\source\repos\c867\debug\c867 project.ilk
c:\users\johnp\source\repos\c867\debug\c867 project.exe
c:\users\johnp\source\repos\c867\debug\c867 project.pdb
c:\users\johnp\source\repos\c867\project1\debug\vc.nativecodeanalysis.all.xml
c:\users\johnp\source\repos\c867\project1\debug\c867 project.tlog\cl.command.1.tlog
c:\users\johnp\source\repos\c867\project1\debug\c867 project.tlog\cl.read.1.tlog
c:\users\johnp\source\repos\c867\project1\debug\c867 project.tlog\cl.write.1.tlog
c:\users\johnp\source\repos\c867\project1\debug\c867 project.tlog\link.command.1.tlog
c:\users\johnp\source\repos\c867\project1\debug\c867 project.tlog\link.read.1.tlog
c:\users\johnp\source\repos\c867\project1\debug\c867 project.tlog\link.write.1.tlog
